E:\MFDynamics\MFDynamics_1_0\build\MfdMain\Win32\Release\cl.command.1.tlog
E:\MFDynamics\MFDynamics_1_0\build\MfdMain\Win32\Release\CL.read.1.tlog
E:\MFDynamics\MFDynamics_1_0\build\MfdMain\Win32\Release\CL.write.1.tlog
E:\MFDynamics\MFDynamics_1_0\build\MfdMain\Win32\Release\link.command.1.tlog
E:\MFDynamics\MFDynamics_1_0\build\MfdMain\Win32\Release\link.read.1.tlog
E:\MFDynamics\MFDynamics_1_0\build\MfdMain\Win32\Release\link.write.1.tlog
E:\MFDynamics\MFDynamics_1_0\build\MfdMain\Win32\Release\MfdMain.exe.intermediate.manifest
E:\MFDynamics\MFDynamics_1_0\build\MfdMain\Win32\Release\MfdMain.obj
E:\MFDynamics\MFDynamics_1_0\build\MfdMain\Win32\Release\MfdMain.pch
E:\MFDynamics\MFDynamics_1_0\build\MfdMain\Win32\Release\MFDynamics.obj
E:\MFDynamics\MFDynamics_1_0\build\MfdMain\Win32\Release\mt.command.1.tlog
E:\MFDynamics\MFDynamics_1_0\build\MfdMain\Win32\Release\mt.read.1.tlog
E:\MFDynamics\MFDynamics_1_0\build\MfdMain\Win32\Release\mt.write.1.tlog
E:\MFDynamics\MFDynamics_1_0\build\MfdMain\Win32\Release\stdafx.obj
E:\MFDynamics\MFDynamics_1_0\build\MfdMain\Win32\Release\vc100.pdb
E:\MFDynamics\MFDynamics_1_0\build\Win32\Release\MfdMain.exe
E:\MFDynamics\MFDynamics_1_0\build\Win32\Release\MfdMain.pdb
E:\MFDYNAMICS\MFDYNAMICS_1_0\MFDMAIN\WIN32\RELEASE\MFDMAIN.EXE.INTERMEDIATE.MANIFEST
E:\MFDYNAMICS\MFDYNAMICS_1_0\MFDMAIN\WIN32\RELEASE\MFDMAIN.OBJ
E:\MFDYNAMICS\MFDYNAMICS_1_0\MFDMAIN\WIN32\RELEASE\MFDMAIN.PCH
E:\MFDYNAMICS\MFDYNAMICS_1_0\MFDMAIN\WIN32\RELEASE\STDAFX.OBJ
E:\MFDYNAMICS\MFDYNAMICS_1_0\MFDMAIN\WIN32\RELEASE\VC100.PDB
E:\MFDYNAMICS\MFDYNAMICS_1_0\MFDYNAMICS\WIN32\RELEASE\MFDMAIN.PCH
E:\MFDYNAMICS\MFDYNAMICS_1_0\MFDYNAMICS\WIN32\RELEASE\MFDYNAMICS.OBJ
E:\MFDYNAMICS\MFDYNAMICS_1_0\MFDYNAMICS\WIN32\RELEASE\STDAFX.OBJ
E:\MFDYNAMICS\MFDYNAMICS_1_0\MFDYNAMICS\WIN32\RELEASE\VC100.PDB
E:\MFDYNAMICS\MFDYNAMICS_1_0\WIN32\RELEASE\MFDMAIN.EXE
E:\MFDYNAMICS\MFDYNAMICS_1_0\WIN32\RELEASE\MFDMAIN.PDB
