Build started 2013/6/28 15:15:50.
     1>Project "E:\MFDynamics\MFDynamics_1_0\MFDynamics\MFDynamics.vcxproj" on node 3 (rebuild target(s)).
     1>_PrepareForClean:
         Deleting file "Win32\Release\MfdMain.lastbuildstate".
       InitializeBuildStatus:
         Creating "Win32\Release\MfdMain.unsuccessfulbuild" because "AlwaysCreate" was specified.
       ClCompile:
         D:\Program Files (x86)\Microsoft Visual Studio 10.0\VC\bin\CL.exe /c /Zi /nologo /W3 /WX- /O2 /Oi /Oy- /GL /D WIN32 /D NDEBUG /D _CONSOLE /D _UNICODE /D UNICODE /Gm- /EHsc /MD /GS /Gy /fp:precise /Zc:wchar_t /Zc:forScope /Yc"StdAfx.h" /Fp"Win32\Release\MfdMain.pch" /Fo"Win32\Release\\" /Fd"Win32\Release\vc100.pdb" /Gd /TP /analyze- /errorReport:prompt stdafx.cpp
         stdafx.cpp
         D:\Program Files (x86)\Microsoft Visual Studio 10.0\VC\bin\CL.exe /c /Zi /nologo /W3 /WX- /O2 /Oi /Oy- /GL /D WIN32 /D NDEBUG /D _CONSOLE /D _UNICODE /D UNICODE /Gm- /EHsc /MD /GS /Gy /fp:precise /Zc:wchar_t /Zc:forScope /Yu"StdAfx.h" /Fp"Win32\Release\MfdMain.pch" /Fo"Win32\Release\\" /Fd"Win32\Release\vc100.pdb" /Gd /TP /analyze- /errorReport:prompt MFDynamics.cpp
         MFDynamics.cpp
       Link:
         D:\Program Files (x86)\Microsoft Visual Studio 10.0\VC\bin\link.exe /ERRORREPORT:PROMPT /OUT:"E:\MFDynamics\MFDynamics_1_0\Win32\Release\MfdMain.exe" /INCREMENTAL:NO /NOLOGO kernel32.lib user32.lib gdi32.lib winspool.lib comdlg32.lib advapi32.lib shell32.lib ole32.lib oleaut32.lib uuid.lib odbc32.lib odbccp32.lib /MANIFEST /ManifestFile:"Win32\Release\MfdMain.exe.intermediate.manifest" /MANIFESTUAC:"level='asInvoker' uiAccess='false'" /DEBUG /PDB:"E:\MFDynamics\MFDynamics_1_0\Win32\Release\MfdMain.pdb" /SUBSYSTEM:CONSOLE /OPT:REF /OPT:ICF /LTCG /TLBID:1 /DYNAMICBASE /NXCOMPAT /IMPLIB:"E:\MFDynamics\MFDynamics_1_0\Win32\Release\MfdMain.lib" /MACHINE:X86 Win32\Release\MFDynamics.obj
         Win32\Release\stdafx.obj
         Generating code
         Finished generating code
         MFDynamics.vcxproj -> E:\MFDynamics\MFDynamics_1_0\Win32\Release\MfdMain.exe
       Manifest:
         C:\Program Files (x86)\Microsoft SDKs\Windows\v7.0A\bin\mt.exe /nologo /verbose /outputresource:"E:\MFDynamics\MFDynamics_1_0\Win32\Release\MfdMain.exe;#1" /manifest Win32\Release\MfdMain.exe.intermediate.manifest
       FinalizeBuildStatus:
         Deleting file "Win32\Release\MfdMain.unsuccessfulbuild".
         Touching "Win32\Release\MfdMain.lastbuildstate".
     1>Done Building Project "E:\MFDynamics\MFDynamics_1_0\MFDynamics\MFDynamics.vcxproj" (rebuild target(s)).

Build succeeded.

Time Elapsed 00:00:00.51
