  Compiling CUDA source file PhaseField.cu...
  
  F:\vs_project\test11\Aircraft\Aircraft\SWE>"C:\Program Files\NVIDIA GPU Computing Toolkit\CUDA\v9.2\bin\nvcc.exe" -gencode=arch=compute_30,code=\"sm_30,compute_30\" --use-local-env -ccbin "C:\Program Files (x86)\Microsoft Visual Studio 14.0\VC\bin\x86_amd64" -x cu -rdc=true -IF:\vs_project\test11\Aircraft\Aircraft\\SWE -I"..\extern\glew-1.12.0\include" -I..\extern\freeglut\include -I"C:\Program Files\NVIDIA GPU Computing Toolkit\CUDA\v9.2\include" -IF:\vs_project\test11\Aircraft\Aircraft\SWE -I"C:\Program Files\NVIDIA GPU Computing Toolkit\CUDA\v9.2\include"  -G   --keep-dir x64\Debug -maxrregcount=0  --machine 64 --compile -cudart static  -g   -DWIN32 -DWIN64 -D_DEBUG -D_CONSOLE -DGLM_FORCE_PURE -D_MBCS -Xcompiler "/EHsc /W3 /nologo /Od /Fdx64\Debug\vc140.pdb /FS /Zi /RTC1 /MDd " -o x64\Debug\PhaseField.cu.obj "F:\vs_project\test11\Aircraft\Aircraft\SWE\PhaseField.cu" 
c:\program files\nvidia gpu computing toolkit\cuda\v9.2\include\crt\math_functions.h : warning C4819: 该文件包含不能在当前代码页(936)中表示的字符。请将该文件保存为 Unicode 格式以防止数据丢失
c:\program files\nvidia gpu computing toolkit\cuda\v9.2\include\crt\math_functions.h(831): warning C4819: 该文件包含不能在当前代码页(936)中表示的字符。请将该文件保存为 Unicode 格式以防止数据丢失
c:\program files\nvidia gpu computing toolkit\cuda\v9.2\include\crt\math_functions.h(1769): warning C4819: 该文件包含不能在当前代码页(936)中表示的字符。请将该文件保存为 Unicode 格式以防止数据丢失
c:\program files\nvidia gpu computing toolkit\cuda\v9.2\include\crt\math_functions.h(2624): warning C4819: 该文件包含不能在当前代码页(936)中表示的字符。请将该文件保存为 Unicode 格式以防止数据丢失
c:\program files\nvidia gpu computing toolkit\cuda\v9.2\include\crt\math_functions.h(3462): warning C4819: 该文件包含不能在当前代码页(936)中表示的字符。请将该文件保存为 Unicode 格式以防止数据丢失
c:\program files\nvidia gpu computing toolkit\cuda\v9.2\include\crt\math_functions.h(4411): warning C4819: 该文件包含不能在当前代码页(936)中表示的字符。请将该文件保存为 Unicode 格式以防止数据丢失
c:\program files\nvidia gpu computing toolkit\cuda\v9.2\include\crt\math_functions.h(5309): warning C4819: 该文件包含不能在当前代码页(936)中表示的字符。请将该文件保存为 Unicode 格式以防止数据丢失
c:\program files\nvidia gpu computing toolkit\cuda\v9.2\include\crt\math_functions.h(6217): warning C4819: 该文件包含不能在当前代码页(936)中表示的字符。请将该文件保存为 Unicode 格式以防止数据丢失
c:\program files\nvidia gpu computing toolkit\cuda\v9.2\include\crt\math_functions.h(7097): warning C4819: 该文件包含不能在当前代码页(936)中表示的字符。请将该文件保存为 Unicode 格式以防止数据丢失
c:\program files\nvidia gpu computing toolkit\cuda\v9.2\include\crt\math_functions.h(7901): warning C4819: 该文件包含不能在当前代码页(936)中表示的字符。请将该文件保存为 Unicode 格式以防止数据丢失
c:\program files\nvidia gpu computing toolkit\cuda\v9.2\include\crt/device_functions.h : warning C4819: 该文件包含不能在当前代码页(936)中表示的字符。请将该文件保存为 Unicode 格式以防止数据丢失
c:\program files\nvidia gpu computing toolkit\cuda\v9.2\include\crt/device_functions.h(776): warning C4819: 该文件包含不能在当前代码页(936)中表示的字符。请将该文件保存为 Unicode 格式以防止数据丢失
c:\program files\nvidia gpu computing toolkit\cuda\v9.2\include\crt/device_functions.h(1636): warning C4819: 该文件包含不能在当前代码页(936)中表示的字符。请将该文件保存为 Unicode 格式以防止数据丢失
c:\program files\nvidia gpu computing toolkit\cuda\v9.2\include\crt\device_double_functions.h : warning C4819: 该文件包含不能在当前代码页(936)中表示的字符。请将该文件保存为 Unicode 格式以防止数据丢失
c:\program files\nvidia gpu computing toolkit\cuda\v9.2\include\sm_20_intrinsics.h : warning C4819: 该文件包含不能在当前代码页(936)中表示的字符。请将该文件保存为 Unicode 格式以防止数据丢失
c:\program files\nvidia gpu computing toolkit\cuda\v9.2\include\sm_20_intrinsics.h(925): warning C4819: 该文件包含不能在当前代码页(936)中表示的字符。请将该文件保存为 Unicode 格式以防止数据丢失
f:\vs_project\test11\aircraft\aircraft\swe\types.h(6): warning C4005: “__device_builtin__”: 宏重定义
F:\vs_project\test11\Aircraft\Aircraft\SWE\PFDatau.h(12): warning C4005: “EPSILON”: 宏重定义
F:\vs_project\test11\Aircraft\Aircraft\SWE\PFDatau.h(33): warning C4005: “M_PI”: 宏重定义
f:\vs_project\test11\aircraft\aircraft\swe\PhaseField.h(20): warning C4005: “RHO2”: 宏重定义
F:/vs_project/test11/Aircraft/Aircraft/SWE/PhaseField.cu(60): warning : variable "index" was declared but never referenced
F:/vs_project/test11/Aircraft/Aircraft/SWE/PhaseField.cu(157): warning : variable "index" was set but never used
F:/vs_project/test11/Aircraft/Aircraft/SWE/PhaseField.cu(174): warning : variable "index" was set but never used
F:/vs_project/test11/Aircraft/Aircraft/SWE/PhaseField.cu(243): warning : variable "error" was set but never used
F:/vs_project/test11/Aircraft/Aircraft/SWE/PhaseField.cu(244): warning : variable "extNx" was declared but never referenced
F:/vs_project/test11/Aircraft/Aircraft/SWE/PhaseField.cu(245): warning : variable "extNy" was declared but never referenced
F:/vs_project/test11/Aircraft/Aircraft/SWE/PhaseField.cu(246): warning : variable "extNz" was declared but never referenced
F:/vs_project/test11/Aircraft/Aircraft/SWE/PhaseField.cu(432): warning : variable "index" was set but never used
F:/vs_project/test11/Aircraft/Aircraft/SWE/PhaseField.cu(479): warning : variable "dx" was declared but never referenced
F:/vs_project/test11/Aircraft/Aircraft/SWE/PhaseField.cu(480): warning : variable "T" was declared but never referenced
F:/vs_project/test11/Aircraft/Aircraft/SWE/PhaseField.cu(565): warning : variable "index" was declared but never referenced
F:/vs_project/test11/Aircraft/Aircraft/SWE/PhaseField.cu(566): warning : variable "index0" was declared but never referenced
F:/vs_project/test11/Aircraft/Aircraft/SWE/PhaseField.cu(567): warning : variable "index1" was declared but never referenced
F:/vs_project/test11/Aircraft/Aircraft/SWE/PhaseField.cu(928): warning : variable "index" was set but never used
F:/vs_project/test11/Aircraft/Aircraft/SWE/PhaseField.cu(953): warning : variable "index" was declared but never referenced
F:/vs_project/test11/Aircraft/Aircraft/SWE/PhaseField.cu(978): warning : variable "index" was declared but never referenced
F:/vs_project/test11/Aircraft/Aircraft/SWE/PhaseField.cu(1123): warning : variable "index" was declared but never referenced
F:/vs_project/test11/Aircraft/Aircraft/SWE/PhaseField.cu(1215): warning : variable "S" was declared but never referenced
F:/vs_project/test11/Aircraft/Aircraft/SWE/PhaseField.cu(1447): warning : variable "nk" was declared but never referenced
F:/vs_project/test11/Aircraft/Aircraft/SWE/PhaseField.cu(1448): warning : variable "nij" was declared but never referenced
F:/vs_project/test11/Aircraft/Aircraft/SWE/PhaseField.cu(1480): warning : variable "nk" was declared but never referenced
F:/vs_project/test11/Aircraft/Aircraft/SWE/PhaseField.cu(1481): warning : variable "nij" was declared but never referenced
F:/vs_project/test11/Aircraft/Aircraft/SWE/PhaseField.cu(1483): warning : variable "index" was declared but never referenced
F:/vs_project/test11/Aircraft/Aircraft/SWE/PhaseField.cu(1512): warning : variable "nk" was declared but never referenced
F:/vs_project/test11/Aircraft/Aircraft/SWE/PhaseField.cu(1513): warning : variable "nij" was declared but never referenced
c:\program files\nvidia gpu computing toolkit\cuda\v9.2\include\crt\math_functions.h : warning C4819: 该文件包含不能在当前代码页(936)中表示的字符。请将该文件保存为 Unicode 格式以防止数据丢失
c:\program files\nvidia gpu computing toolkit\cuda\v9.2\include\crt\math_functions.h(831): warning C4819: 该文件包含不能在当前代码页(936)中表示的字符。请将该文件保存为 Unicode 格式以防止数据丢失
c:\program files\nvidia gpu computing toolkit\cuda\v9.2\include\crt\math_functions.h(1769): warning C4819: 该文件包含不能在当前代码页(936)中表示的字符。请将该文件保存为 Unicode 格式以防止数据丢失
c:\program files\nvidia gpu computing toolkit\cuda\v9.2\include\crt\math_functions.h(2624): warning C4819: 该文件包含不能在当前代码页(936)中表示的字符。请将该文件保存为 Unicode 格式以防止数据丢失
c:\program files\nvidia gpu computing toolkit\cuda\v9.2\include\crt\math_functions.h(3462): warning C4819: 该文件包含不能在当前代码页(936)中表示的字符。请将该文件保存为 Unicode 格式以防止数据丢失
c:\program files\nvidia gpu computing toolkit\cuda\v9.2\include\crt\math_functions.h(4411): warning C4819: 该文件包含不能在当前代码页(936)中表示的字符。请将该文件保存为 Unicode 格式以防止数据丢失
c:\program files\nvidia gpu computing toolkit\cuda\v9.2\include\crt\math_functions.h(5309): warning C4819: 该文件包含不能在当前代码页(936)中表示的字符。请将该文件保存为 Unicode 格式以防止数据丢失
c:\program files\nvidia gpu computing toolkit\cuda\v9.2\include\crt\math_functions.h(6217): warning C4819: 该文件包含不能在当前代码页(936)中表示的字符。请将该文件保存为 Unicode 格式以防止数据丢失
c:\program files\nvidia gpu computing toolkit\cuda\v9.2\include\crt\math_functions.h(7097): warning C4819: 该文件包含不能在当前代码页(936)中表示的字符。请将该文件保存为 Unicode 格式以防止数据丢失
c:\program files\nvidia gpu computing toolkit\cuda\v9.2\include\crt\math_functions.h(7901): warning C4819: 该文件包含不能在当前代码页(936)中表示的字符。请将该文件保存为 Unicode 格式以防止数据丢失
c:\program files\nvidia gpu computing toolkit\cuda\v9.2\include\crt/device_functions.h : warning C4819: 该文件包含不能在当前代码页(936)中表示的字符。请将该文件保存为 Unicode 格式以防止数据丢失
c:\program files\nvidia gpu computing toolkit\cuda\v9.2\include\crt/device_functions.h(776): warning C4819: 该文件包含不能在当前代码页(936)中表示的字符。请将该文件保存为 Unicode 格式以防止数据丢失
c:\program files\nvidia gpu computing toolkit\cuda\v9.2\include\crt/device_functions.h(1636): warning C4819: 该文件包含不能在当前代码页(936)中表示的字符。请将该文件保存为 Unicode 格式以防止数据丢失
c:\program files\nvidia gpu computing toolkit\cuda\v9.2\include\crt\device_double_functions.h : warning C4819: 该文件包含不能在当前代码页(936)中表示的字符。请将该文件保存为 Unicode 格式以防止数据丢失
c:\program files\nvidia gpu computing toolkit\cuda\v9.2\include\sm_20_intrinsics.h : warning C4819: 该文件包含不能在当前代码页(936)中表示的字符。请将该文件保存为 Unicode 格式以防止数据丢失
c:\program files\nvidia gpu computing toolkit\cuda\v9.2\include\sm_20_intrinsics.h(925): warning C4819: 该文件包含不能在当前代码页(936)中表示的字符。请将该文件保存为 Unicode 格式以防止数据丢失
f:\vs_project\test11\aircraft\aircraft\swe\types.h(6): warning C4005: “__device_builtin__”: 宏重定义
F:\vs_project\test11\Aircraft\Aircraft\SWE\PFDatau.h(12): warning C4005: “EPSILON”: 宏重定义
F:\vs_project\test11\Aircraft\Aircraft\SWE\PFDatau.h(33): warning C4005: “M_PI”: 宏重定义
f:\vs_project\test11\aircraft\aircraft\swe\PhaseField.h(20): warning C4005: “RHO2”: 宏重定义
  PhaseField.cu
f:\vs_project\test11\aircraft\aircraft\swe\OceanPatch.h(35): warning C4244: “return”: 从“int”转换到“float”，可能丢失数据
F:\vs_project\test11\Aircraft\Aircraft\SWE\PFDatau.h(95): warning C4244: “初始化”: 从“float”转换到“int”，可能丢失数据
F:\vs_project\test11\Aircraft\Aircraft\SWE\PFDatau.h(96): warning C4244: “初始化”: 从“float”转换到“int”，可能丢失数据
F:\vs_project\test11\Aircraft\Aircraft\SWE\PFDatau.h(97): warning C4244: “初始化”: 从“float”转换到“int”，可能丢失数据
f:\vs_project\test11\aircraft\aircraft\swe\CapillaryWave.h(34): warning C4267: “return”: 从“size_t”转换到“int”，可能丢失数据
c:\program files\nvidia gpu computing toolkit\cuda\v9.2\include\crt\math_functions.h : warning C4819: 该文件包含不能在当前代码页(936)中表示的字符。请将该文件保存为 Unicode 格式以防止数据丢失
c:\program files\nvidia gpu computing toolkit\cuda\v9.2\include\crt\math_functions.h(831): warning C4819: 该文件包含不能在当前代码页(936)中表示的字符。请将该文件保存为 Unicode 格式以防止数据丢失
c:\program files\nvidia gpu computing toolkit\cuda\v9.2\include\crt\math_functions.h(1769): warning C4819: 该文件包含不能在当前代码页(936)中表示的字符。请将该文件保存为 Unicode 格式以防止数据丢失
c:\program files\nvidia gpu computing toolkit\cuda\v9.2\include\crt\math_functions.h(2624): warning C4819: 该文件包含不能在当前代码页(936)中表示的字符。请将该文件保存为 Unicode 格式以防止数据丢失
c:\program files\nvidia gpu computing toolkit\cuda\v9.2\include\crt\math_functions.h(3462): warning C4819: 该文件包含不能在当前代码页(936)中表示的字符。请将该文件保存为 Unicode 格式以防止数据丢失
c:\program files\nvidia gpu computing toolkit\cuda\v9.2\include\crt\math_functions.h(4411): warning C4819: 该文件包含不能在当前代码页(936)中表示的字符。请将该文件保存为 Unicode 格式以防止数据丢失
c:\program files\nvidia gpu computing toolkit\cuda\v9.2\include\crt\math_functions.h(5309): warning C4819: 该文件包含不能在当前代码页(936)中表示的字符。请将该文件保存为 Unicode 格式以防止数据丢失
c:\program files\nvidia gpu computing toolkit\cuda\v9.2\include\crt\math_functions.h(6217): warning C4819: 该文件包含不能在当前代码页(936)中表示的字符。请将该文件保存为 Unicode 格式以防止数据丢失
c:\program files\nvidia gpu computing toolkit\cuda\v9.2\include\crt\math_functions.h(7097): warning C4819: 该文件包含不能在当前代码页(936)中表示的字符。请将该文件保存为 Unicode 格式以防止数据丢失
c:\program files\nvidia gpu computing toolkit\cuda\v9.2\include\crt\math_functions.h(7901): warning C4819: 该文件包含不能在当前代码页(936)中表示的字符。请将该文件保存为 Unicode 格式以防止数据丢失
  
  F:\vs_project\test11\Aircraft\Aircraft\SWE>"C:\Program Files\NVIDIA GPU Computing Toolkit\CUDA\v9.2\bin\nvcc.exe" -dlink -o x64\Debug\SWE.device-link.obj -Xcompiler "/EHsc /W3 /nologo /Od /Zi /RTC1 /MDd " -L..\extern\freeglut\lib\x64 -L"..\extern\glew-1.12.0\lib\Release\x64" -L"C:\Program Files\NVIDIA GPU Computing Toolkit\CUDA\v9.2\lib\x64" cudart.lib kernel32.lib user32.lib gdi32.lib winspool.lib comdlg32.lib advapi32.lib shell32.lib ole32.lib oleaut32.lib uuid.lib odbc32.lib odbccp32.lib freeglut.lib glew32.lib cudart_static.lib cufft.lib  -gencode=arch=compute_30,code=sm_30 -G --machine 64 x64\Debug\CapillaryWave.cu.obj x64\Debug\OceanPatch.cu.obj x64\Debug\PhaseField.cu.obj x64\Debug\Reduction.cu.obj x64\Debug\Ocean.cu.obj x64\Debug\Coupling.cu.obj 
  cudart.lib
  kernel32.lib
  user32.lib
  gdi32.lib
  winspool.lib
  comdlg32.lib
  advapi32.lib
  shell32.lib
  ole32.lib
  oleaut32.lib
  uuid.lib
  odbc32.lib
  odbccp32.lib
  freeglut.lib
  glew32.lib
  cudart_static.lib
  cufft.lib
  CapillaryWave.cu.obj
  OceanPatch.cu.obj
  PhaseField.cu.obj
  Reduction.cu.obj
  Ocean.cu.obj
  Coupling.cu.obj
  SWE.vcxproj -> F:\vs_project\test11\Aircraft\Aircraft\x64\Debug\SWE.exe
  SWE.vcxproj -> F:\vs_project\test11\Aircraft\Aircraft\x64\Debug\SWE.pdb (Full PDB)
  copy "C:\Program Files\NVIDIA GPU Computing Toolkit\CUDA\v9.2\bin\cudart*.dll" "F:\vs_project\test11\Aircraft\Aircraft\x64\Debug\"
  C:\Program Files\NVIDIA GPU Computing Toolkit\CUDA\v9.2\bin\cudart32_92.dll
  C:\Program Files\NVIDIA GPU Computing Toolkit\CUDA\v9.2\bin\cudart64_92.dll
  已复制         2 个文件。
