f:\vs_project\test11\aircraft\aircraft\swe\x64\debug\vc140.pdb
f:\vs_project\test11\aircraft\aircraft\swe\x64\debug\vc140.idb
f:\vs_project\test11\aircraft\aircraft\swe\x64\debug\gl_utilities.obj
f:\vs_project\test11\aircraft\aircraft\swe\x64\debug\main.obj
f:\vs_project\test11\aircraft\aircraft\swe\x64\debug\timing.obj
f:\vs_project\test11\aircraft\aircraft\swe\x64\debug\quaternion.obj
f:\vs_project\test11\aircraft\aircraft\swe\x64\debug\rigidbody.obj
f:\vs_project\test11\aircraft\aircraft\swe\x64\debug\surfacemesh.obj
f:\vs_project\test11\aircraft\aircraft\swe\x64\debug\glwindow.obj
f:\vs_project\test11\aircraft\aircraft\swe\x64\debug\capillarywave.cu.cache
f:\vs_project\test11\aircraft\aircraft\swe\x64\debug\coupling.cu.cache
f:\vs_project\test11\aircraft\aircraft\swe\x64\debug\ocean.cu.cache
f:\vs_project\test11\aircraft\aircraft\swe\x64\debug\oceanpatch.cu.cache
f:\vs_project\test11\aircraft\aircraft\swe\x64\debug\phasefield.cu.cache
f:\vs_project\test11\aircraft\aircraft\swe\x64\debug\reduction.cu.cache
f:\vs_project\test11\aircraft\aircraft\swe\x64\debug\capillarywave.cu.obj
f:\vs_project\test11\aircraft\aircraft\swe\x64\debug\coupling.cu.obj
f:\vs_project\test11\aircraft\aircraft\swe\x64\debug\ocean.cu.obj
f:\vs_project\test11\aircraft\aircraft\swe\x64\debug\oceanpatch.cu.obj
f:\vs_project\test11\aircraft\aircraft\swe\x64\debug\phasefield.cu.obj
f:\vs_project\test11\aircraft\aircraft\swe\x64\debug\reduction.cu.obj
f:\vs_project\test11\aircraft\aircraft\swe\x64\debug\swe.device-link.obj
f:\vs_project\test11\aircraft\aircraft\x64\debug\swe.pdb
f:\vs_project\test11\aircraft\aircraft\swe\x64\debug\swe.tlog\cl.command.1.tlog
f:\vs_project\test11\aircraft\aircraft\swe\x64\debug\swe.tlog\cl.read.1.tlog
f:\vs_project\test11\aircraft\aircraft\swe\x64\debug\swe.tlog\cl.write.1.tlog
f:\vs_project\test11\aircraft\aircraft\swe\x64\debug\swe.tlog\link.command.1.tlog
f:\vs_project\test11\aircraft\aircraft\swe\x64\debug\swe.tlog\link.read.1.tlog
f:\vs_project\test11\aircraft\aircraft\swe\x64\debug\swe.tlog\link.write.1.tlog
