Build started 2013/9/25 16:32:29.
     1>Project "E:\MFDynamics\MFDynamics_1_0\build\App_HVI\App_HVI.vcxproj" on node 3 (build target(s)).
     1>InitializeBuildStatus:
         Creating "Release\App_HVI.unsuccessfulbuild" because "AlwaysCreate" was specified.
       ClCompile:
         D:\Program Files (x86)\Microsoft Visual Studio 10.0\VC\bin\CL.exe /c /Zi /nologo /W3 /WX- /O2 /Oi /Oy- /GL /D WIN32 /D NDEBUG /D _CONSOLE /D _UNICODE /D UNICODE /Gm- /EHsc /MD /GS /Gy /fp:precise /Zc:wchar_t /Zc:forScope /Yc"StdAfx.h" /Fp"Release\App_HVI.pch" /Fo"Release\\" /Fd"Release\vc100.pdb" /Gd /TP /analyze- /errorReport:prompt stdafx.cpp
         stdafx.cpp
         D:\Program Files (x86)\Microsoft Visual Studio 10.0\VC\bin\CL.exe /c /Zi /nologo /W3 /WX- /O2 /Oi /Oy- /GL /D WIN32 /D NDEBUG /D _CONSOLE /D _UNICODE /D UNICODE /Gm- /EHsc /MD /GS /Gy /fp:precise /Zc:wchar_t /Zc:forScope /Yu"StdAfx.h" /Fp"Release\App_HVI.pch" /Fo"Release\\" /Fd"Release\vc100.pdb" /Gd /TP /analyze- /errorReport:prompt App_HVI.cpp
         App_HVI.cpp
       Link:
         D:\Program Files (x86)\Microsoft Visual Studio 10.0\VC\bin\link.exe /ERRORREPORT:PROMPT /OUT:"E:\MFDynamics\MFDynamics_1_0\build\Release\App_HVI.exe" /INCREMENTAL:NO /NOLOGO kernel32.lib user32.lib gdi32.lib winspool.lib comdlg32.lib advapi32.lib shell32.lib ole32.lib oleaut32.lib uuid.lib odbc32.lib odbccp32.lib /MANIFEST /ManifestFile:"Release\App_HVI.exe.intermediate.manifest" /MANIFESTUAC:"level='asInvoker' uiAccess='false'" /DEBUG /PDB:"E:\MFDynamics\MFDynamics_1_0\build\Release\App_HVI.pdb" /SUBSYSTEM:CONSOLE /OPT:REF /OPT:ICF /LTCG /TLBID:1 /DYNAMICBASE /NXCOMPAT /IMPLIB:"E:\MFDynamics\MFDynamics_1_0\build\Release\App_HVI.lib" /MACHINE:X86 Release\App_HVI.obj
         Release\stdafx.obj
         Generating code
         Finished generating code
         App_HVI.vcxproj -> E:\MFDynamics\MFDynamics_1_0\build\Release\App_HVI.exe
       Manifest:
         C:\Program Files (x86)\Microsoft SDKs\Windows\v7.0A\bin\mt.exe /nologo /verbose /outputresource:"E:\MFDynamics\MFDynamics_1_0\build\Release\App_HVI.exe;#1" /manifest Release\App_HVI.exe.intermediate.manifest
       FinalizeBuildStatus:
         Deleting file "Release\App_HVI.unsuccessfulbuild".
         Touching "Release\App_HVI.lastbuildstate".
     1>Done Building Project "E:\MFDynamics\MFDynamics_1_0\build\App_HVI\App_HVI.vcxproj" (build target(s)).

Build succeeded.

Time Elapsed 00:00:00.61
