  Camera.cpp
..\..\src\MfdGUI\Camera.cpp(56): warning C4244: “参数”: 从“double”转换到“GLfloat”，可能丢失数据
..\..\src\MfdGUI\Camera.cpp(89): warning C4244: “初始化”: 从“const int”转换到“float”，可能丢失数据
..\..\src\MfdGUI\Camera.cpp(90): warning C4244: “初始化”: 从“const int”转换到“float”，可能丢失数据
..\..\src\MfdGUI\Camera.cpp(118): warning C4244: “初始化”: 从“const int”转换到“float”，可能丢失数据
..\..\src\MfdGUI\Camera.cpp(119): warning C4244: “初始化”: 从“const int”转换到“float”，可能丢失数据
  GlutWindow.cpp
..\..\src\MfdGUI\GlutWindow.cpp(34): warning C4305: “参数”: 从“double”到“float”截断
..\..\src\MfdGUI\GlutWindow.cpp(55): warning C4305: “参数”: 从“double”到“float”截断
..\..\src\MfdGUI\GlutWindow.cpp(56): warning C4244: “参数”: 从“int”转换到“float”，可能丢失数据
..\..\src\MfdGUI\GlutWindow.cpp(74): warning C4244: “参数”: 从“int”转换到“float”，可能丢失数据
..\..\src\MfdGUI\GlutWindow.cpp(91): warning C4305: “参数”: 从“double”到“float”截断
..\..\src\MfdGUI\GlutWindow.cpp(92): warning C4244: “参数”: 从“int”转换到“float”，可能丢失数据
..\..\src\MfdGUI\GlutWindow.cpp(95): warning C4305: “参数”: 从“double”到“float”截断
..\..\src\MfdGUI\GlutWindow.cpp(96): warning C4244: “参数”: 从“int”转换到“float”，可能丢失数据
..\..\src\MfdGUI\GlutWindow.cpp(106): warning C4244: “=”: 从“double”转换到“float”，可能丢失数据
..\..\src\MfdGUI\GlutWindow.cpp(182): warning C4244: “参数”: 从“int”转换到“float”，可能丢失数据
..\..\src\MfdGUI\GlutWindow.cpp(220): warning C4305: “参数”: 从“double”到“float”截断
..\..\src\MfdGUI\GlutWindow.cpp(221): warning C4244: “参数”: 从“int”转换到“float”，可能丢失数据
..\..\src\MfdGUI\GlutWindow.cpp(225): warning C4305: “参数”: 从“double”到“float”截断
..\..\src\MfdGUI\GlutWindow.cpp(226): warning C4244: “参数”: 从“int”转换到“float”，可能丢失数据
..\..\src\MfdGUI\GlutWindow.cpp(254): warning C4244: “参数”: 从“int”转换到“float”，可能丢失数据
..\..\src\MfdGUI\GlutWindow.cpp(287): warning C4244: “参数”: 从“int”转换到“GLfloat”，可能丢失数据
  GlutMaster.cpp
  PointRenderer.cpp
  MfdGUI.vcxproj -> F:\vs_project\tste4\MFDynamics_2D_Tracking\build\MfdGUI\..\..\lib\x64\Release\MfdGUI.lib
