  
  F:\vs_project\tste4\MFDynamics_2D_Tracking\build\App_SPHMultiPhaseFlow>"C:\Program Files\NVIDIA GPU Computing Toolkit\CUDA\v9.2\bin\nvcc.exe" -ccbin "C:\Program Files (x86)\Microsoft Visual Studio 14.0\VC\bin\x86_amd64" -x cu  -I../../src/ -I../../extern/Eigen/ -I../../extern/include/ -I"C:\Program Files\NVIDIA GPU Computing Toolkit\CUDA\v9.2\include" -I"C:\Program Files\NVIDIA GPU Computing Toolkit\CUDA\v9.2\include"     --keep-dir x64\Release -maxrregcount=0  --machine 64 --compile      -DWIN32 -DNDEBUG -D_CONSOLE -D_USE_MATH_DEFINES -D_MBCS -Xcompiler "/EHsc /W3 /nologo /O2  /FS /Zi  /MD " -o x64\Release\HybridMultiPhaseFluid.cu.obj "F:\vs_project\tste4\MFDynamics_2D_Tracking\build\App_SPHMultiPhaseFlow\HybridMultiPhaseFluid.cu" -clean 
  HybridMultiPhaseFluid.cu
  Compiling CUDA source file HybridMultiPhaseFluid.cu...
  
  F:\vs_project\tste4\MFDynamics_2D_Tracking\build\App_SPHMultiPhaseFlow>"C:\Program Files\NVIDIA GPU Computing Toolkit\CUDA\v9.2\bin\nvcc.exe" -gencode=arch=compute_30,code=\"sm_30,compute_30\" --use-local-env -ccbin "C:\Program Files (x86)\Microsoft Visual Studio 14.0\VC\bin\x86_amd64" -x cu  -I../../src/ -I../../extern/Eigen/ -I../../extern/include/ -I"C:\Program Files\NVIDIA GPU Computing Toolkit\CUDA\v9.2\include" -I"C:\Program Files\NVIDIA GPU Computing Toolkit\CUDA\v9.2\include"     --keep-dir x64\Release -maxrregcount=0  --machine 64 --compile -cudart static     -DWIN32 -DNDEBUG -D_CONSOLE -D_USE_MATH_DEFINES -D_MBCS -Xcompiler "/EHsc /W3 /nologo /O2 /Fdx64\Release\vc140.pdb /FS /Zi  /MD " -o x64\Release\HybridMultiPhaseFluid.cu.obj "F:\vs_project\tste4\MFDynamics_2D_Tracking\build\App_SPHMultiPhaseFlow\HybridMultiPhaseFluid.cu" 
c:\program files\nvidia gpu computing toolkit\cuda\v9.2\include\crt\math_functions.h : warning C4819: 该文件包含不能在当前代码页(936)中表示的字符。请将该文件保存为 Unicode 格式以防止数据丢失
c:\program files\nvidia gpu computing toolkit\cuda\v9.2\include\crt\math_functions.h(831): warning C4819: 该文件包含不能在当前代码页(936)中表示的字符。请将该文件保存为 Unicode 格式以防止数据丢失
c:\program files\nvidia gpu computing toolkit\cuda\v9.2\include\crt\math_functions.h(1769): warning C4819: 该文件包含不能在当前代码页(936)中表示的字符。请将该文件保存为 Unicode 格式以防止数据丢失
c:\program files\nvidia gpu computing toolkit\cuda\v9.2\include\crt\math_functions.h(2624): warning C4819: 该文件包含不能在当前代码页(936)中表示的字符。请将该文件保存为 Unicode 格式以防止数据丢失
c:\program files\nvidia gpu computing toolkit\cuda\v9.2\include\crt\math_functions.h(3462): warning C4819: 该文件包含不能在当前代码页(936)中表示的字符。请将该文件保存为 Unicode 格式以防止数据丢失
c:\program files\nvidia gpu computing toolkit\cuda\v9.2\include\crt\math_functions.h(4411): warning C4819: 该文件包含不能在当前代码页(936)中表示的字符。请将该文件保存为 Unicode 格式以防止数据丢失
c:\program files\nvidia gpu computing toolkit\cuda\v9.2\include\crt\math_functions.h(5309): warning C4819: 该文件包含不能在当前代码页(936)中表示的字符。请将该文件保存为 Unicode 格式以防止数据丢失
c:\program files\nvidia gpu computing toolkit\cuda\v9.2\include\crt\math_functions.h(6217): warning C4819: 该文件包含不能在当前代码页(936)中表示的字符。请将该文件保存为 Unicode 格式以防止数据丢失
c:\program files\nvidia gpu computing toolkit\cuda\v9.2\include\crt\math_functions.h(7097): warning C4819: 该文件包含不能在当前代码页(936)中表示的字符。请将该文件保存为 Unicode 格式以防止数据丢失
c:\program files\nvidia gpu computing toolkit\cuda\v9.2\include\crt\math_functions.h(7901): warning C4819: 该文件包含不能在当前代码页(936)中表示的字符。请将该文件保存为 Unicode 格式以防止数据丢失
c:\program files\nvidia gpu computing toolkit\cuda\v9.2\include\crt/device_functions.h : warning C4819: 该文件包含不能在当前代码页(936)中表示的字符。请将该文件保存为 Unicode 格式以防止数据丢失
c:\program files\nvidia gpu computing toolkit\cuda\v9.2\include\crt/device_functions.h(776): warning C4819: 该文件包含不能在当前代码页(936)中表示的字符。请将该文件保存为 Unicode 格式以防止数据丢失
c:\program files\nvidia gpu computing toolkit\cuda\v9.2\include\crt/device_functions.h(1636): warning C4819: 该文件包含不能在当前代码页(936)中表示的字符。请将该文件保存为 Unicode 格式以防止数据丢失
c:\program files\nvidia gpu computing toolkit\cuda\v9.2\include\crt\device_double_functions.h : warning C4819: 该文件包含不能在当前代码页(936)中表示的字符。请将该文件保存为 Unicode 格式以防止数据丢失
c:\program files\nvidia gpu computing toolkit\cuda\v9.2\include\sm_20_intrinsics.h : warning C4819: 该文件包含不能在当前代码页(936)中表示的字符。请将该文件保存为 Unicode 格式以防止数据丢失
c:\program files\nvidia gpu computing toolkit\cuda\v9.2\include\sm_20_intrinsics.h(925): warning C4819: 该文件包含不能在当前代码页(936)中表示的字符。请将该文件保存为 Unicode 格式以防止数据丢失
c:\program files\nvidia gpu computing toolkit\cuda\v9.2\include\crt/device_functions.h : warning C4819: 该文件包含不能在当前代码页(936)中表示的字符。请将该文件保存为 Unicode 格式以防止数据丢失
c:\program files\nvidia gpu computing toolkit\cuda\v9.2\include\crt/device_functions.h(776): warning C4819: 该文件包含不能在当前代码页(936)中表示的字符。请将该文件保存为 Unicode 格式以防止数据丢失
c:\program files\nvidia gpu computing toolkit\cuda\v9.2\include\crt/device_functions.h(1636): warning C4819: 该文件包含不能在当前代码页(936)中表示的字符。请将该文件保存为 Unicode 格式以防止数据丢失
F:\vs_project\tste4\MFDynamics_2D_Tracking\src\MfdIO/Image.h(107): warning : pointless comparison of unsigned integer with zero
F:\vs_project\tste4\MFDynamics_2D_Tracking\src\MfdIO/Image.h(108): warning : pointless comparison of unsigned integer with zero
F:\vs_project\tste4\MFDynamics_2D_Tracking\src\MfdIO/Image.h(109): warning : pointless comparison of unsigned integer with zero
F:\vs_project\tste4\MFDynamics_2D_Tracking\src\MfdIO/Image.h(109): warning : pointless comparison of unsigned integer with zero
F:/vs_project/tste4/MFDynamics_2D_Tracking/build/App_SPHMultiPhaseFlow/HybridMultiPhaseFluid.cu(156): warning : variable "pid" was declared but never referenced
F:/vs_project/tste4/MFDynamics_2D_Tracking/build/App_SPHMultiPhaseFlow/HybridMultiPhaseFluid.cu(157): warning : variable "num_air" was declared but never referenced
F:/vs_project/tste4/MFDynamics_2D_Tracking/build/App_SPHMultiPhaseFlow/HybridMultiPhaseFluid.cu(166): warning : variable "index" was declared but never referenced
F:/vs_project/tste4/MFDynamics_2D_Tracking/build/App_SPHMultiPhaseFlow/HybridMultiPhaseFluid.cu(187): warning : variable "index" was set but never used
F:/vs_project/tste4/MFDynamics_2D_Tracking/build/App_SPHMultiPhaseFlow/HybridMultiPhaseFluid.cu(320): warning : variable "dx" was declared but never referenced
F:/vs_project/tste4/MFDynamics_2D_Tracking/build/App_SPHMultiPhaseFlow/HybridMultiPhaseFluid.cu(321): warning : variable "T" was declared but never referenced
F:/vs_project/tste4/MFDynamics_2D_Tracking/build/App_SPHMultiPhaseFlow/HybridMultiPhaseFluid.cu(578): warning : variable "norm" was declared but never referenced
F:/vs_project/tste4/MFDynamics_2D_Tracking/build/App_SPHMultiPhaseFlow/HybridMultiPhaseFluid.cu(629): warning : variable "idx" was declared but never referenced
F:/vs_project/tste4/MFDynamics_2D_Tracking/build/App_SPHMultiPhaseFlow/HybridMultiPhaseFluid.cu(623): warning : variable "ceo2" was declared but never referenced
F:/vs_project/tste4/MFDynamics_2D_Tracking/build/App_SPHMultiPhaseFlow/HybridMultiPhaseFluid.cu(1341): warning : variable "S" was declared but never referenced
F:\vs_project\tste4\MFDynamics_2D_Tracking\src\MfdMath/DataStructure/Grid.h(157): warning : calling a __host__ function from a __host__ __device__ function is not allowed
CUDACOMPILE : warning : calling a __host__ function from a __host__ __device__ function is not allowed
F:\vs_project\tste4\MFDynamics_2D_Tracking\src\MfdMath/DataStructure/Grid.h(157): warning : calling a __host__ function from a __host__ __device__ function is not allowed
CUDACOMPILE : warning : calling a __host__ function from a __host__ __device__ function is not allowed
c:\program files\nvidia gpu computing toolkit\cuda\v9.2\include\crt\math_functions.h : warning C4819: 该文件包含不能在当前代码页(936)中表示的字符。请将该文件保存为 Unicode 格式以防止数据丢失
c:\program files\nvidia gpu computing toolkit\cuda\v9.2\include\crt\math_functions.h(831): warning C4819: 该文件包含不能在当前代码页(936)中表示的字符。请将该文件保存为 Unicode 格式以防止数据丢失
c:\program files\nvidia gpu computing toolkit\cuda\v9.2\include\crt\math_functions.h(1769): warning C4819: 该文件包含不能在当前代码页(936)中表示的字符。请将该文件保存为 Unicode 格式以防止数据丢失
c:\program files\nvidia gpu computing toolkit\cuda\v9.2\include\crt\math_functions.h(2624): warning C4819: 该文件包含不能在当前代码页(936)中表示的字符。请将该文件保存为 Unicode 格式以防止数据丢失
c:\program files\nvidia gpu computing toolkit\cuda\v9.2\include\crt\math_functions.h(3462): warning C4819: 该文件包含不能在当前代码页(936)中表示的字符。请将该文件保存为 Unicode 格式以防止数据丢失
c:\program files\nvidia gpu computing toolkit\cuda\v9.2\include\crt\math_functions.h(4411): warning C4819: 该文件包含不能在当前代码页(936)中表示的字符。请将该文件保存为 Unicode 格式以防止数据丢失
c:\program files\nvidia gpu computing toolkit\cuda\v9.2\include\crt\math_functions.h(5309): warning C4819: 该文件包含不能在当前代码页(936)中表示的字符。请将该文件保存为 Unicode 格式以防止数据丢失
c:\program files\nvidia gpu computing toolkit\cuda\v9.2\include\crt\math_functions.h(6217): warning C4819: 该文件包含不能在当前代码页(936)中表示的字符。请将该文件保存为 Unicode 格式以防止数据丢失
c:\program files\nvidia gpu computing toolkit\cuda\v9.2\include\crt\math_functions.h(7097): warning C4819: 该文件包含不能在当前代码页(936)中表示的字符。请将该文件保存为 Unicode 格式以防止数据丢失
c:\program files\nvidia gpu computing toolkit\cuda\v9.2\include\crt\math_functions.h(7901): warning C4819: 该文件包含不能在当前代码页(936)中表示的字符。请将该文件保存为 Unicode 格式以防止数据丢失
c:\program files\nvidia gpu computing toolkit\cuda\v9.2\include\crt/device_functions.h : warning C4819: 该文件包含不能在当前代码页(936)中表示的字符。请将该文件保存为 Unicode 格式以防止数据丢失
c:\program files\nvidia gpu computing toolkit\cuda\v9.2\include\crt/device_functions.h(776): warning C4819: 该文件包含不能在当前代码页(936)中表示的字符。请将该文件保存为 Unicode 格式以防止数据丢失
c:\program files\nvidia gpu computing toolkit\cuda\v9.2\include\crt/device_functions.h(1636): warning C4819: 该文件包含不能在当前代码页(936)中表示的字符。请将该文件保存为 Unicode 格式以防止数据丢失
c:\program files\nvidia gpu computing toolkit\cuda\v9.2\include\crt\device_double_functions.h : warning C4819: 该文件包含不能在当前代码页(936)中表示的字符。请将该文件保存为 Unicode 格式以防止数据丢失
c:\program files\nvidia gpu computing toolkit\cuda\v9.2\include\sm_20_intrinsics.h : warning C4819: 该文件包含不能在当前代码页(936)中表示的字符。请将该文件保存为 Unicode 格式以防止数据丢失
c:\program files\nvidia gpu computing toolkit\cuda\v9.2\include\sm_20_intrinsics.h(925): warning C4819: 该文件包含不能在当前代码页(936)中表示的字符。请将该文件保存为 Unicode 格式以防止数据丢失
c:\program files\nvidia gpu computing toolkit\cuda\v9.2\include\crt/device_functions.h : warning C4819: 该文件包含不能在当前代码页(936)中表示的字符。请将该文件保存为 Unicode 格式以防止数据丢失
c:\program files\nvidia gpu computing toolkit\cuda\v9.2\include\crt/device_functions.h(776): warning C4819: 该文件包含不能在当前代码页(936)中表示的字符。请将该文件保存为 Unicode 格式以防止数据丢失
c:\program files\nvidia gpu computing toolkit\cuda\v9.2\include\crt/device_functions.h(1636): warning C4819: 该文件包含不能在当前代码页(936)中表示的字符。请将该文件保存为 Unicode 格式以防止数据丢失
F:\vs_project\tste4\MFDynamics_2D_Tracking\src\MfdIO/Image.h(107): warning : pointless comparison of unsigned integer with zero
F:\vs_project\tste4\MFDynamics_2D_Tracking\src\MfdIO/Image.h(108): warning : pointless comparison of unsigned integer with zero
F:\vs_project\tste4\MFDynamics_2D_Tracking\src\MfdIO/Image.h(109): warning : pointless comparison of unsigned integer with zero
F:\vs_project\tste4\MFDynamics_2D_Tracking\src\MfdIO/Image.h(109): warning : pointless comparison of unsigned integer with zero
  HybridMultiPhaseFluid.cu
c:\program files\nvidia gpu computing toolkit\cuda\v9.2\include\crt\math_functions.h : warning C4819: 该文件包含不能在当前代码页(936)中表示的字符。请将该文件保存为 Unicode 格式以防止数据丢失
c:\program files\nvidia gpu computing toolkit\cuda\v9.2\include\crt\math_functions.h(831): warning C4819: 该文件包含不能在当前代码页(936)中表示的字符。请将该文件保存为 Unicode 格式以防止数据丢失
c:\program files\nvidia gpu computing toolkit\cuda\v9.2\include\crt\math_functions.h(1769): warning C4819: 该文件包含不能在当前代码页(936)中表示的字符。请将该文件保存为 Unicode 格式以防止数据丢失
c:\program files\nvidia gpu computing toolkit\cuda\v9.2\include\crt\math_functions.h(2624): warning C4819: 该文件包含不能在当前代码页(936)中表示的字符。请将该文件保存为 Unicode 格式以防止数据丢失
c:\program files\nvidia gpu computing toolkit\cuda\v9.2\include\crt\math_functions.h(3462): warning C4819: 该文件包含不能在当前代码页(936)中表示的字符。请将该文件保存为 Unicode 格式以防止数据丢失
c:\program files\nvidia gpu computing toolkit\cuda\v9.2\include\crt\math_functions.h(4411): warning C4819: 该文件包含不能在当前代码页(936)中表示的字符。请将该文件保存为 Unicode 格式以防止数据丢失
c:\program files\nvidia gpu computing toolkit\cuda\v9.2\include\crt\math_functions.h(5309): warning C4819: 该文件包含不能在当前代码页(936)中表示的字符。请将该文件保存为 Unicode 格式以防止数据丢失
c:\program files\nvidia gpu computing toolkit\cuda\v9.2\include\crt\math_functions.h(6217): warning C4819: 该文件包含不能在当前代码页(936)中表示的字符。请将该文件保存为 Unicode 格式以防止数据丢失
c:\program files\nvidia gpu computing toolkit\cuda\v9.2\include\crt\math_functions.h(7097): warning C4819: 该文件包含不能在当前代码页(936)中表示的字符。请将该文件保存为 Unicode 格式以防止数据丢失
c:\program files\nvidia gpu computing toolkit\cuda\v9.2\include\crt\math_functions.h(7901): warning C4819: 该文件包含不能在当前代码页(936)中表示的字符。请将该文件保存为 Unicode 格式以防止数据丢失
  stdafx.cpp
  main.cpp
  正在生成代码
  All 710 functions were compiled because no usable IPDB/IOBJ from previous compilation was found.
  已完成代码的生成
  App_SPHMultiPhaseFlow.vcxproj -> F:\vs_project\tste4\MFDynamics_2D_Tracking\build\App_SPHMultiPhaseFlow\..\..\bin\App_SPHMultiPhaseFlowRelease.exe
  App_SPHMultiPhaseFlow.vcxproj -> ..\..\bin\App_SPHMultiPhaseFlowRelease.pdb (Full PDB)
