  Log.cpp
f:\vs_project\tste4\mfdynamics_2d_tracking\src\mfdio\log.cpp(18): warning C4996: 'localtime': This function or variable may be unsafe. Consider using localtime_s instead. To disable deprecation, use _CRT_SECURE_NO_WARNINGS. See online help for details.
  c:\program files (x86)\windows kits\10\include\10.0.10240.0\ucrt\time.h(505): note: 参见“localtime”的声明
  Image.cpp
f:\vs_project\tste4\mfdynamics_2d_tracking\src\mfdio\image.cpp(732): warning C4996: 'fscanf': This function or variable may be unsafe. Consider using fscanf_s instead. To disable deprecation, use _CRT_SECURE_NO_WARNINGS. See online help for details.
  c:\program files (x86)\windows kits\10\include\10.0.10240.0\ucrt\stdio.h(1193): note: 参见“fscanf”的声明
f:\vs_project\tste4\mfdynamics_2d_tracking\src\mfdio\image.cpp(739): warning C4996: 'fscanf': This function or variable may be unsafe. Consider using fscanf_s instead. To disable deprecation, use _CRT_SECURE_NO_WARNINGS. See online help for details.
  c:\program files (x86)\windows kits\10\include\10.0.10240.0\ucrt\stdio.h(1193): note: 参见“fscanf”的声明
f:\vs_project\tste4\mfdynamics_2d_tracking\src\mfdio\image.cpp(1048): warning C4996: 'fscanf': This function or variable may be unsafe. Consider using fscanf_s instead. To disable deprecation, use _CRT_SECURE_NO_WARNINGS. See online help for details.
  c:\program files (x86)\windows kits\10\include\10.0.10240.0\ucrt\stdio.h(1193): note: 参见“fscanf”的声明
f:\vs_project\tste4\mfdynamics_2d_tracking\src\mfdio\image.cpp(1079): warning C4996: 'fscanf': This function or variable may be unsafe. Consider using fscanf_s instead. To disable deprecation, use _CRT_SECURE_NO_WARNINGS. See online help for details.
  c:\program files (x86)\windows kits\10\include\10.0.10240.0\ucrt\stdio.h(1193): note: 参见“fscanf”的声明
f:\vs_project\tste4\mfdynamics_2d_tracking\src\mfdio\image.cpp(1147): warning C4996: 'fscanf': This function or variable may be unsafe. Consider using fscanf_s instead. To disable deprecation, use _CRT_SECURE_NO_WARNINGS. See online help for details.
  c:\program files (x86)\windows kits\10\include\10.0.10240.0\ucrt\stdio.h(1193): note: 参见“fscanf”的声明
f:\vs_project\tste4\mfdynamics_2d_tracking\src\mfdio\image.cpp(1178): warning C4996: 'fscanf': This function or variable may be unsafe. Consider using fscanf_s instead. To disable deprecation, use _CRT_SECURE_NO_WARNINGS. See online help for details.
  c:\program files (x86)\windows kits\10\include\10.0.10240.0\ucrt\stdio.h(1193): note: 参见“fscanf”的声明
f:\vs_project\tste4\mfdynamics_2d_tracking\src\mfdio\image.cpp(1198): warning C4996: 'fscanf': This function or variable may be unsafe. Consider using fscanf_s instead. To disable deprecation, use _CRT_SECURE_NO_WARNINGS. See online help for details.
  c:\program files (x86)\windows kits\10\include\10.0.10240.0\ucrt\stdio.h(1193): note: 参见“fscanf”的声明
f:\vs_project\tste4\mfdynamics_2d_tracking\src\mfdio\image.cpp(1256): warning C4996: 'fopen': This function or variable may be unsafe. Consider using fopen_s instead. To disable deprecation, use _CRT_SECURE_NO_WARNINGS. See online help for details.
  c:\program files (x86)\windows kits\10\include\10.0.10240.0\ucrt\stdio.h(205): note: 参见“fopen”的声明
f:\vs_project\tste4\mfdynamics_2d_tracking\src\mfdio\image.cpp(1279): warning C4474: fprintf: 格式字符串中传递的参数太多
  f:\vs_project\tste4\mfdynamics_2d_tracking\src\mfdio\image.cpp(1279): note: 占位符和其参数预计 0 可变参数，但提供的却是 2 参数
f:\vs_project\tste4\mfdynamics_2d_tracking\src\mfdio\image.cpp(1295): warning C4996: 'fopen': This function or variable may be unsafe. Consider using fopen_s instead. To disable deprecation, use _CRT_SECURE_NO_WARNINGS. See online help for details.
  c:\program files (x86)\windows kits\10\include\10.0.10240.0\ucrt\stdio.h(205): note: 参见“fopen”的声明
f:\vs_project\tste4\mfdynamics_2d_tracking\src\mfdio\image.cpp(1321): warning C4474: fprintf: 格式字符串中传递的参数太多
  f:\vs_project\tste4\mfdynamics_2d_tracking\src\mfdio\image.cpp(1321): note: 占位符和其参数预计 0 可变参数，但提供的却是 2 参数
  正在生成代码...
  MfdIO.vcxproj -> F:\vs_project\tste4\MFDynamics_2D_Tracking\build\MfdIO\..\..\lib\x64\MfdIO.lib
