  Matrix.cpp
  MeshlessSolver.cpp
..\..\src\MfdMath\LinearSystem\MeshlessSolver.cpp(13): warning C4267: “初始化”: 从“size_t”转换到“int”，可能丢失数据
..\..\src\MfdMath\LinearSystem\MeshlessSolver.cpp(13): warning C4267: “初始化”: 从“size_t”转换到“const int”，可能丢失数据
..\..\src\MfdMath\LinearSystem\MeshlessSolver.cpp(19): warning C4267: “初始化”: 从“size_t”转换到“int”，可能丢失数据
..\..\src\MfdMath\LinearSystem\MeshlessSolver.cpp(19): warning C4267: “初始化”: 从“size_t”转换到“const int”，可能丢失数据
..\..\src\MfdMath\LinearSystem\MeshlessSolver.cpp(34): warning C4267: “初始化”: 从“size_t”转换到“int”，可能丢失数据
..\..\src\MfdMath\LinearSystem\MeshlessSolver.cpp(34): warning C4267: “初始化”: 从“size_t”转换到“const int”，可能丢失数据
..\..\src\MfdMath\LinearSystem\MeshlessSolver.cpp(67): warning C4267: “初始化”: 从“size_t”转换到“int”，可能丢失数据
..\..\src\MfdMath\LinearSystem\MeshlessSolver.cpp(67): warning C4267: “初始化”: 从“size_t”转换到“const int”，可能丢失数据
..\..\src\MfdMath\LinearSystem\MeshlessSolver.cpp(78): warning C4267: “初始化”: 从“size_t”转换到“int”，可能丢失数据
..\..\src\MfdMath\LinearSystem\MeshlessSolver.cpp(78): warning C4267: “初始化”: 从“size_t”转换到“const int”，可能丢失数据
..\..\src\MfdMath\LinearSystem\MeshlessSolver.cpp(97): warning C4267: “初始化”: 从“size_t”转换到“int”，可能丢失数据
..\..\src\MfdMath\LinearSystem\MeshlessSolver.cpp(97): warning C4267: “初始化”: 从“size_t”转换到“const int”，可能丢失数据
..\..\src\MfdMath\LinearSystem\MeshlessSolver.cpp(107): warning C4267: “初始化”: 从“size_t”转换到“int”，可能丢失数据
..\..\src\MfdMath\LinearSystem\MeshlessSolver.cpp(107): warning C4267: “初始化”: 从“size_t”转换到“const int”，可能丢失数据
..\..\src\MfdMath\LinearSystem\MeshlessSolver.cpp(113): warning C4267: “初始化”: 从“size_t”转换到“int”，可能丢失数据
..\..\src\MfdMath\LinearSystem\MeshlessSolver.cpp(113): warning C4267: “初始化”: 从“size_t”转换到“const int”，可能丢失数据
..\..\src\MfdMath\LinearSystem\MeshlessSolver.cpp(125): warning C4267: “初始化”: 从“size_t”转换到“int”，可能丢失数据
..\..\src\MfdMath\LinearSystem\MeshlessSolver.cpp(125): warning C4267: “初始化”: 从“size_t”转换到“const int”，可能丢失数据
..\..\src\MfdMath\LinearSystem\MeshlessSolver.cpp(139): warning C4267: “初始化”: 从“size_t”转换到“int”，可能丢失数据
..\..\src\MfdMath\LinearSystem\MeshlessSolver.cpp(139): warning C4267: “初始化”: 从“size_t”转换到“const int”，可能丢失数据
..\..\src\MfdMath\LinearSystem\MeshlessSolver.cpp(259): warning C4267: “初始化”: 从“size_t”转换到“int”，可能丢失数据
..\..\src\MfdMath\LinearSystem\MeshlessSolver.cpp(259): warning C4267: “初始化”: 从“size_t”转换到“const int”，可能丢失数据
..\..\src\MfdMath\LinearSystem\MeshlessSolver.cpp(283): warning C4267: “初始化”: 从“size_t”转换到“int”，可能丢失数据
..\..\src\MfdMath\LinearSystem\MeshlessSolver.cpp(283): warning C4267: “初始化”: 从“size_t”转换到“const int”，可能丢失数据
..\..\src\MfdMath\LinearSystem\MeshlessSolver.cpp(325): warning C4267: “return”: 从“size_t”转换到“int”，可能丢失数据
..\..\src\MfdMath\LinearSystem\MeshlessSolver.cpp(332): warning C4267: “初始化”: 从“size_t”转换到“int”，可能丢失数据
..\..\src\MfdMath\LinearSystem\MeshlessSolver.cpp(332): warning C4267: “初始化”: 从“size_t”转换到“const int”，可能丢失数据
..\..\src\MfdMath\LinearSystem\MeshlessSolver.cpp(340): warning C4267: “初始化”: 从“size_t”转换到“int”，可能丢失数据
..\..\src\MfdMath\LinearSystem\MeshlessSolver.cpp(340): warning C4267: “初始化”: 从“size_t”转换到“const int”，可能丢失数据
..\..\src\MfdMath\LinearSystem\MeshlessSolver.cpp(387): warning C4267: “初始化”: 从“size_t”转换到“int”，可能丢失数据
..\..\src\MfdMath\LinearSystem\MeshlessSolver.cpp(387): warning C4267: “初始化”: 从“size_t”转换到“const int”，可能丢失数据
..\..\src\MfdMath\LinearSystem\MeshlessSolver.cpp(391): warning C4267: “初始化”: 从“size_t”转换到“int”，可能丢失数据
..\..\src\MfdMath\LinearSystem\MeshlessSolver.cpp(391): warning C4267: “初始化”: 从“size_t”转换到“const int”，可能丢失数据
..\..\src\MfdMath\LinearSystem\MeshlessSolver.cpp(397): warning C4267: “初始化”: 从“size_t”转换到“int”，可能丢失数据
..\..\src\MfdMath\LinearSystem\MeshlessSolver.cpp(397): warning C4267: “初始化”: 从“size_t”转换到“const int”，可能丢失数据
..\..\src\MfdMath\LinearSystem\MeshlessSolver.cpp(548): warning C4267: “初始化”: 从“size_t”转换到“int”，可能丢失数据
..\..\src\MfdMath\LinearSystem\MeshlessSolver.cpp(548): warning C4267: “初始化”: 从“size_t”转换到“const int”，可能丢失数据
..\..\src\MfdMath\LinearSystem\MeshlessSolver.cpp(660): warning C4267: “初始化”: 从“size_t”转换到“int”，可能丢失数据
..\..\src\MfdMath\LinearSystem\MeshlessSolver.cpp(660): warning C4267: “初始化”: 从“size_t”转换到“const int”，可能丢失数据
..\..\src\MfdMath\LinearSystem\MeshlessSolver.cpp(672): warning C4267: “初始化”: 从“size_t”转换到“int”，可能丢失数据
..\..\src\MfdMath\LinearSystem\MeshlessSolver.cpp(695): warning C4267: “初始化”: 从“size_t”转换到“int”，可能丢失数据
..\..\src\MfdMath\LinearSystem\MeshlessSolver.cpp(695): warning C4267: “初始化”: 从“size_t”转换到“const int”，可能丢失数据
..\..\src\MfdMath\LinearSystem\MeshlessSolver.cpp(702): warning C4267: “初始化”: 从“size_t”转换到“int”，可能丢失数据
..\..\src\MfdMath\LinearSystem\MeshlessSolver.cpp(702): warning C4267: “初始化”: 从“size_t”转换到“const int”，可能丢失数据
..\..\src\MfdMath\LinearSystem\MeshlessSolver.cpp(720): warning C4267: “初始化”: 从“size_t”转换到“int”，可能丢失数据
..\..\src\MfdMath\LinearSystem\MeshlessSolver.cpp(720): warning C4267: “初始化”: 从“size_t”转换到“const int”，可能丢失数据
..\..\src\MfdMath\LinearSystem\MeshlessSolver.cpp(759): warning C4267: “初始化”: 从“size_t”转换到“int”，可能丢失数据
..\..\src\MfdMath\LinearSystem\MeshlessSolver.cpp(759): warning C4267: “初始化”: 从“size_t”转换到“const int”，可能丢失数据
..\..\src\MfdMath\LinearSystem\MeshlessSolver.cpp(810): warning C4267: “初始化”: 从“size_t”转换到“int”，可能丢失数据
..\..\src\MfdMath\LinearSystem\MeshlessSolver.cpp(810): warning C4267: “初始化”: 从“size_t”转换到“const int”，可能丢失数据
  Algorithms.cpp
  Timer.cpp
  MfdMath.vcxproj -> F:\vs_project\tste4\MFDynamics_2D_Tracking\build\MfdMath\..\..\lib\x64\Release\MfdMath.lib
