f:\vs_project\test11\aircraft\aircraft\swe\x64\release\vc140.pdb
f:\vs_project\test11\aircraft\aircraft\swe\x64\release\surfacemesh.obj
f:\vs_project\test11\aircraft\aircraft\swe\x64\release\rigidbody.obj
f:\vs_project\test11\aircraft\aircraft\swe\x64\release\quaternion.obj
f:\vs_project\test11\aircraft\aircraft\swe\x64\release\timing.obj
f:\vs_project\test11\aircraft\aircraft\swe\x64\release\main.obj
f:\vs_project\test11\aircraft\aircraft\swe\x64\release\gl_utilities.obj
f:\vs_project\test11\aircraft\aircraft\swe\x64\release\glwindow.obj
f:\vs_project\test11\aircraft\aircraft\x64\release\swe.exe
f:\vs_project\test11\aircraft\aircraft\x64\release\swe.ipdb
f:\vs_project\test11\aircraft\aircraft\x64\release\swe.iobj
f:\vs_project\test11\aircraft\aircraft\x64\release\swe.pdb
f:\vs_project\test11\aircraft\aircraft\swe\x64\release\capillarywave.cu.cache
f:\vs_project\test11\aircraft\aircraft\swe\x64\release\coupling.cu.cache
f:\vs_project\test11\aircraft\aircraft\swe\x64\release\ocean.cu.cache
f:\vs_project\test11\aircraft\aircraft\swe\x64\release\oceanpatch.cu.cache
f:\vs_project\test11\aircraft\aircraft\swe\x64\release\phasefield.cu.cache
f:\vs_project\test11\aircraft\aircraft\swe\x64\release\reduction.cu.cache
f:\vs_project\test11\aircraft\aircraft\swe\x64\release\capillarywave.cu.obj
f:\vs_project\test11\aircraft\aircraft\swe\x64\release\coupling.cu.obj
f:\vs_project\test11\aircraft\aircraft\swe\x64\release\ocean.cu.obj
f:\vs_project\test11\aircraft\aircraft\swe\x64\release\oceanpatch.cu.obj
f:\vs_project\test11\aircraft\aircraft\swe\x64\release\phasefield.cu.obj
f:\vs_project\test11\aircraft\aircraft\swe\x64\release\reduction.cu.obj
f:\vs_project\test11\aircraft\aircraft\swe\x64\release\swe.device-link.obj
f:\vs_project\test11\aircraft\aircraft\swe\x64\release\swe.tlog\cl.command.1.tlog
f:\vs_project\test11\aircraft\aircraft\swe\x64\release\swe.tlog\cl.read.1.tlog
f:\vs_project\test11\aircraft\aircraft\swe\x64\release\swe.tlog\cl.write.1.tlog
f:\vs_project\test11\aircraft\aircraft\swe\x64\release\swe.tlog\link.command.1.tlog
f:\vs_project\test11\aircraft\aircraft\swe\x64\release\swe.tlog\link.read.1.tlog
f:\vs_project\test11\aircraft\aircraft\swe\x64\release\swe.tlog\link.write.1.tlog
