  Timer.cpp
  Algorithms.cpp
  MeshlessSolver.cpp
f:\vs_project\tste4\mfdynamics_2d_tracking\src\mfdmath\linearsystem\meshlesssolver.cpp(13): warning C4267: “初始化”: 从“size_t”转换到“int”，可能丢失数据
f:\vs_project\tste4\mfdynamics_2d_tracking\src\mfdmath\linearsystem\meshlesssolver.cpp(13): warning C4267: “初始化”: 从“size_t”转换到“const int”，可能丢失数据
f:\vs_project\tste4\mfdynamics_2d_tracking\src\mfdmath\linearsystem\meshlesssolver.cpp(19): warning C4267: “初始化”: 从“size_t”转换到“int”，可能丢失数据
f:\vs_project\tste4\mfdynamics_2d_tracking\src\mfdmath\linearsystem\meshlesssolver.cpp(19): warning C4267: “初始化”: 从“size_t”转换到“const int”，可能丢失数据
f:\vs_project\tste4\mfdynamics_2d_tracking\src\mfdmath\linearsystem\meshlesssolver.cpp(34): warning C4267: “初始化”: 从“size_t”转换到“int”，可能丢失数据
f:\vs_project\tste4\mfdynamics_2d_tracking\src\mfdmath\linearsystem\meshlesssolver.cpp(34): warning C4267: “初始化”: 从“size_t”转换到“const int”，可能丢失数据
f:\vs_project\tste4\mfdynamics_2d_tracking\src\mfdmath\linearsystem\meshlesssolver.cpp(67): warning C4267: “初始化”: 从“size_t”转换到“int”，可能丢失数据
f:\vs_project\tste4\mfdynamics_2d_tracking\src\mfdmath\linearsystem\meshlesssolver.cpp(67): warning C4267: “初始化”: 从“size_t”转换到“const int”，可能丢失数据
f:\vs_project\tste4\mfdynamics_2d_tracking\src\mfdmath\linearsystem\meshlesssolver.cpp(78): warning C4267: “初始化”: 从“size_t”转换到“int”，可能丢失数据
f:\vs_project\tste4\mfdynamics_2d_tracking\src\mfdmath\linearsystem\meshlesssolver.cpp(78): warning C4267: “初始化”: 从“size_t”转换到“const int”，可能丢失数据
f:\vs_project\tste4\mfdynamics_2d_tracking\src\mfdmath\linearsystem\meshlesssolver.cpp(97): warning C4267: “初始化”: 从“size_t”转换到“int”，可能丢失数据
f:\vs_project\tste4\mfdynamics_2d_tracking\src\mfdmath\linearsystem\meshlesssolver.cpp(97): warning C4267: “初始化”: 从“size_t”转换到“const int”，可能丢失数据
f:\vs_project\tste4\mfdynamics_2d_tracking\src\mfdmath\linearsystem\meshlesssolver.cpp(107): warning C4267: “初始化”: 从“size_t”转换到“int”，可能丢失数据
f:\vs_project\tste4\mfdynamics_2d_tracking\src\mfdmath\linearsystem\meshlesssolver.cpp(107): warning C4267: “初始化”: 从“size_t”转换到“const int”，可能丢失数据
f:\vs_project\tste4\mfdynamics_2d_tracking\src\mfdmath\linearsystem\meshlesssolver.cpp(113): warning C4267: “初始化”: 从“size_t”转换到“int”，可能丢失数据
f:\vs_project\tste4\mfdynamics_2d_tracking\src\mfdmath\linearsystem\meshlesssolver.cpp(113): warning C4267: “初始化”: 从“size_t”转换到“const int”，可能丢失数据
f:\vs_project\tste4\mfdynamics_2d_tracking\src\mfdmath\linearsystem\meshlesssolver.cpp(125): warning C4267: “初始化”: 从“size_t”转换到“int”，可能丢失数据
f:\vs_project\tste4\mfdynamics_2d_tracking\src\mfdmath\linearsystem\meshlesssolver.cpp(125): warning C4267: “初始化”: 从“size_t”转换到“const int”，可能丢失数据
f:\vs_project\tste4\mfdynamics_2d_tracking\src\mfdmath\linearsystem\meshlesssolver.cpp(139): warning C4267: “初始化”: 从“size_t”转换到“int”，可能丢失数据
f:\vs_project\tste4\mfdynamics_2d_tracking\src\mfdmath\linearsystem\meshlesssolver.cpp(139): warning C4267: “初始化”: 从“size_t”转换到“const int”，可能丢失数据
f:\vs_project\tste4\mfdynamics_2d_tracking\src\mfdmath\linearsystem\meshlesssolver.cpp(259): warning C4267: “初始化”: 从“size_t”转换到“int”，可能丢失数据
f:\vs_project\tste4\mfdynamics_2d_tracking\src\mfdmath\linearsystem\meshlesssolver.cpp(259): warning C4267: “初始化”: 从“size_t”转换到“const int”，可能丢失数据
f:\vs_project\tste4\mfdynamics_2d_tracking\src\mfdmath\linearsystem\meshlesssolver.cpp(283): warning C4267: “初始化”: 从“size_t”转换到“int”，可能丢失数据
f:\vs_project\tste4\mfdynamics_2d_tracking\src\mfdmath\linearsystem\meshlesssolver.cpp(283): warning C4267: “初始化”: 从“size_t”转换到“const int”，可能丢失数据
f:\vs_project\tste4\mfdynamics_2d_tracking\src\mfdmath\linearsystem\meshlesssolver.cpp(325): warning C4267: “return”: 从“size_t”转换到“int”，可能丢失数据
f:\vs_project\tste4\mfdynamics_2d_tracking\src\mfdmath\linearsystem\meshlesssolver.cpp(332): warning C4267: “初始化”: 从“size_t”转换到“int”，可能丢失数据
f:\vs_project\tste4\mfdynamics_2d_tracking\src\mfdmath\linearsystem\meshlesssolver.cpp(332): warning C4267: “初始化”: 从“size_t”转换到“const int”，可能丢失数据
f:\vs_project\tste4\mfdynamics_2d_tracking\src\mfdmath\linearsystem\meshlesssolver.cpp(340): warning C4267: “初始化”: 从“size_t”转换到“int”，可能丢失数据
f:\vs_project\tste4\mfdynamics_2d_tracking\src\mfdmath\linearsystem\meshlesssolver.cpp(340): warning C4267: “初始化”: 从“size_t”转换到“const int”，可能丢失数据
f:\vs_project\tste4\mfdynamics_2d_tracking\src\mfdmath\linearsystem\meshlesssolver.cpp(387): warning C4267: “初始化”: 从“size_t”转换到“int”，可能丢失数据
f:\vs_project\tste4\mfdynamics_2d_tracking\src\mfdmath\linearsystem\meshlesssolver.cpp(387): warning C4267: “初始化”: 从“size_t”转换到“const int”，可能丢失数据
f:\vs_project\tste4\mfdynamics_2d_tracking\src\mfdmath\linearsystem\meshlesssolver.cpp(391): warning C4267: “初始化”: 从“size_t”转换到“int”，可能丢失数据
f:\vs_project\tste4\mfdynamics_2d_tracking\src\mfdmath\linearsystem\meshlesssolver.cpp(391): warning C4267: “初始化”: 从“size_t”转换到“const int”，可能丢失数据
f:\vs_project\tste4\mfdynamics_2d_tracking\src\mfdmath\linearsystem\meshlesssolver.cpp(397): warning C4267: “初始化”: 从“size_t”转换到“int”，可能丢失数据
f:\vs_project\tste4\mfdynamics_2d_tracking\src\mfdmath\linearsystem\meshlesssolver.cpp(397): warning C4267: “初始化”: 从“size_t”转换到“const int”，可能丢失数据
f:\vs_project\tste4\mfdynamics_2d_tracking\src\mfdmath\linearsystem\meshlesssolver.cpp(548): warning C4267: “初始化”: 从“size_t”转换到“int”，可能丢失数据
f:\vs_project\tste4\mfdynamics_2d_tracking\src\mfdmath\linearsystem\meshlesssolver.cpp(548): warning C4267: “初始化”: 从“size_t”转换到“const int”，可能丢失数据
f:\vs_project\tste4\mfdynamics_2d_tracking\src\mfdmath\linearsystem\meshlesssolver.cpp(660): warning C4267: “初始化”: 从“size_t”转换到“int”，可能丢失数据
f:\vs_project\tste4\mfdynamics_2d_tracking\src\mfdmath\linearsystem\meshlesssolver.cpp(660): warning C4267: “初始化”: 从“size_t”转换到“const int”，可能丢失数据
f:\vs_project\tste4\mfdynamics_2d_tracking\src\mfdmath\linearsystem\meshlesssolver.cpp(672): warning C4267: “初始化”: 从“size_t”转换到“int”，可能丢失数据
f:\vs_project\tste4\mfdynamics_2d_tracking\src\mfdmath\linearsystem\meshlesssolver.cpp(695): warning C4267: “初始化”: 从“size_t”转换到“int”，可能丢失数据
f:\vs_project\tste4\mfdynamics_2d_tracking\src\mfdmath\linearsystem\meshlesssolver.cpp(695): warning C4267: “初始化”: 从“size_t”转换到“const int”，可能丢失数据
f:\vs_project\tste4\mfdynamics_2d_tracking\src\mfdmath\linearsystem\meshlesssolver.cpp(702): warning C4267: “初始化”: 从“size_t”转换到“int”，可能丢失数据
f:\vs_project\tste4\mfdynamics_2d_tracking\src\mfdmath\linearsystem\meshlesssolver.cpp(702): warning C4267: “初始化”: 从“size_t”转换到“const int”，可能丢失数据
f:\vs_project\tste4\mfdynamics_2d_tracking\src\mfdmath\linearsystem\meshlesssolver.cpp(720): warning C4267: “初始化”: 从“size_t”转换到“int”，可能丢失数据
f:\vs_project\tste4\mfdynamics_2d_tracking\src\mfdmath\linearsystem\meshlesssolver.cpp(720): warning C4267: “初始化”: 从“size_t”转换到“const int”，可能丢失数据
f:\vs_project\tste4\mfdynamics_2d_tracking\src\mfdmath\linearsystem\meshlesssolver.cpp(759): warning C4267: “初始化”: 从“size_t”转换到“int”，可能丢失数据
f:\vs_project\tste4\mfdynamics_2d_tracking\src\mfdmath\linearsystem\meshlesssolver.cpp(759): warning C4267: “初始化”: 从“size_t”转换到“const int”，可能丢失数据
f:\vs_project\tste4\mfdynamics_2d_tracking\src\mfdmath\linearsystem\meshlesssolver.cpp(810): warning C4267: “初始化”: 从“size_t”转换到“int”，可能丢失数据
f:\vs_project\tste4\mfdynamics_2d_tracking\src\mfdmath\linearsystem\meshlesssolver.cpp(810): warning C4267: “初始化”: 从“size_t”转换到“const int”，可能丢失数据
  Matrix.cpp
  正在生成代码...
  MfdMath.vcxproj -> F:\vs_project\tste4\MFDynamics_2D_Tracking\build\MfdMath\..\..\lib\x64\MfdMath.lib
